Watching for file changes with StatReloader
[19/Oct/2023 12:23:57] "GET /main/ HTTP/1.1" 200 5957
[19/Oct/2023 12:23:57] "GET /static/css/index.css HTTP/1.1" 304 0
[19/Oct/2023 12:23:57] "GET /static/css/navbar.css HTTP/1.1" 304 0
[19/Oct/2023 12:23:57] "GET /static/images/skku_logo.png HTTP/1.1" 304 0
[19/Oct/2023 12:23:57] "GET /static/css/common.css HTTP/1.1" 304 0
[19/Oct/2023 12:24:01] "GET /main/ HTTP/1.1" 200 5957
[19/Oct/2023 12:24:03] "GET /main/ HTTP/1.1" 200 5957
[19/Oct/2023 12:24:04] "GET /main/ HTTP/1.1" 200 5957
[19/Oct/2023 12:27:33] "GET /main/ HTTP/1.1" 200 5957
Not Found: /
[19/Oct/2023 12:27:48] "GET / HTTP/1.1" 404 2058
[19/Oct/2023 12:27:49] "GET /main/ HTTP/1.1" 200 5957
[19/Oct/2023 12:32:20] "GET /main/ HTTP/1.1" 200 93435
[19/Oct/2023 12:32:26] "GET /main/ HTTP/1.1" 200 5957
[19/Oct/2023 12:32:28] "GET /main/ HTTP/1.1" 200 5957
[19/Oct/2023 13:14:32] "GET /main/ HTTP/1.1" 200 5957
[19/Oct/2023 13:14:32] "GET /static/css/common.css HTTP/1.1" 304 0
[19/Oct/2023 13:14:32] "GET /static/css/index.css HTTP/1.1" 304 0
[19/Oct/2023 13:14:32] "GET /static/images/skku_logo.png HTTP/1.1" 304 0
[19/Oct/2023 13:14:32] "GET /static/css/navbar.css HTTP/1.1" 200 1716
[19/Oct/2023 13:14:55] "GET /main/ HTTP/1.1" 200 5957
[19/Oct/2023 13:15:16] "GET /main/ HTTP/1.1" 200 5957
[19/Oct/2023 13:15:19] "GET /main/ HTTP/1.1" 200 5957
[19/Oct/2023 13:15:23] "GET /main/ HTTP/1.1" 200 5957
/workspace/Main_Server_RBP/Main_Server_RBP/templatetags/my_tags.py changed, reloading.
Performing system checks...

System check identified no issues (0 silenced).
October 19, 2023 - 12:23:39
Django version 2.2.4, using settings 'Main_Server_RBP.settings'
Starting development server at http://0.0.0.0:8000/
Quit the server with CONTROL-C.
Watching for file changes with StatReloader
Internal Server Error: /main/
Traceback (most recent call last):
  File "/usr/local/lib/python3.7/site-packages/django/core/handlers/exception.py", line 34, in inner
    response = get_response(request)
  File "/usr/local/lib/python3.7/site-packages/django/core/handlers/base.py", line 115, in _get_response
    response = self.process_exception_by_middleware(e, request)
  File "/usr/local/lib/python3.7/site-packages/django/core/handlers/base.py", line 113, in _get_response
    response = wrapped_callback(request, *callback_args, **callback_kwargs)
  File "/workspace/Main_Server_RBP/Main_Server_RBP/views.py", line 7, in index
    return render(request, 'main/index.html')
  File "/usr/local/lib/python3.7/site-packages/django/shortcuts.py", line 36, in render
    content = loader.render_to_string(template_name, context, request, using=using)
  File "/usr/local/lib/python3.7/site-packages/django/template/loader.py", line 62, in render_to_string
    return template.render(context, request)
  File "/usr/local/lib/python3.7/site-packages/django/template/backends/django.py", line 61, in render
    return self.template.render(context)
  File "/usr/local/lib/python3.7/site-packages/django/template/base.py", line 171, in render
    return self._render(context)
  File "/usr/local/lib/python3.7/site-packages/django/template/base.py", line 163, in _render
    return self.nodelist.render(context)
  File "/usr/local/lib/python3.7/site-packages/django/template/base.py", line 937, in render
    bit = node.render_annotated(context)
  File "/usr/local/lib/python3.7/site-packages/django/template/base.py", line 904, in render_annotated
    return self.render(context)
  File "/usr/local/lib/python3.7/site-packages/django/template/library.py", line 192, in render
    output = self.func(*resolved_args, **resolved_kwargs)
  File "/workspace/Main_Server_RBP/Main_Server_RBP/templatetags/my_tags.py", line 22, in get_node1
    if trim(response.text) == "착석":
NameError: name 'trim' is not defined
[19/Oct/2023 13:16:38] "GET /main/ HTTP/1.1" 500 115122
Not Found: /favicon.ico
[19/Oct/2023 13:16:39] "GET /favicon.ico HTTP/1.1" 404 2109
/workspace/Main_Server_RBP/Main_Server_RBP/templatetags/my_tags.py changed, reloading.
Performing system checks...

System check identified no issues (0 silenced).
October 19, 2023 - 13:16:32
Django version 2.2.4, using settings 'Main_Server_RBP.settings'
Starting development server at http://0.0.0.0:8000/
Quit the server with CONTROL-C.
Watching for file changes with StatReloader
/workspace/Main_Server_RBP/Main_Server_RBP/templatetags/my_tags.py changed, reloading.
Performing system checks...

System check identified no issues (0 silenced).
October 19, 2023 - 13:16:51
Django version 2.2.4, using settings 'Main_Server_RBP.settings'
Starting development server at http://0.0.0.0:8000/
Quit the server with CONTROL-C.
Watching for file changes with StatReloader
Internal Server Error: /main/
Traceback (most recent call last):
  File "/usr/local/lib/python3.7/site-packages/django/core/handlers/exception.py", line 34, in inner
    response = get_response(request)
  File "/usr/local/lib/python3.7/site-packages/django/core/handlers/base.py", line 115, in _get_response
    response = self.process_exception_by_middleware(e, request)
  File "/usr/local/lib/python3.7/site-packages/django/core/handlers/base.py", line 113, in _get_response
    response = wrapped_callback(request, *callback_args, **callback_kwargs)
  File "/workspace/Main_Server_RBP/Main_Server_RBP/views.py", line 7, in index
    return render(request, 'main/index.html')
  File "/usr/local/lib/python3.7/site-packages/django/shortcuts.py", line 36, in render
    content = loader.render_to_string(template_name, context, request, using=using)
  File "/usr/local/lib/python3.7/site-packages/django/template/loader.py", line 62, in render_to_string
    return template.render(context, request)
  File "/usr/local/lib/python3.7/site-packages/django/template/backends/django.py", line 61, in render
    return self.template.render(context)
  File "/usr/local/lib/python3.7/site-packages/django/template/base.py", line 171, in render
    return self._render(context)
  File "/usr/local/lib/python3.7/site-packages/django/template/base.py", line 163, in _render
    return self.nodelist.render(context)
  File "/usr/local/lib/python3.7/site-packages/django/template/base.py", line 937, in render
    bit = node.render_annotated(context)
  File "/usr/local/lib/python3.7/site-packages/django/template/base.py", line 904, in render_annotated
    return self.render(context)
  File "/usr/local/lib/python3.7/site-packages/django/template/library.py", line 192, in render
    output = self.func(*resolved_args, **resolved_kwargs)
  File "/workspace/Main_Server_RBP/Main_Server_RBP/templatetags/my_tags.py", line 22, in get_node1
    if response.text.trim() == "착석":
AttributeError: 'str' object has no attribute 'trim'
[19/Oct/2023 13:16:59] "GET /main/ HTTP/1.1" 500 115262
Internal Server Error: /main/
Traceback (most recent call last):
  File "/usr/local/lib/python3.7/site-packages/django/core/handlers/exception.py", line 34, in inner
    response = get_response(request)
  File "/usr/local/lib/python3.7/site-packages/django/core/handlers/base.py", line 115, in _get_response
    response = self.process_exception_by_middleware(e, request)
  File "/usr/local/lib/python3.7/site-packages/django/core/handlers/base.py", line 113, in _get_response
    response = wrapped_callback(request, *callback_args, **callback_kwargs)
  File "/workspace/Main_Server_RBP/Main_Server_RBP/views.py", line 7, in index
    return render(request, 'main/index.html')
  File "/usr/local/lib/python3.7/site-packages/django/shortcuts.py", line 36, in render
    content = loader.render_to_string(template_name, context, request, using=using)
  File "/usr/local/lib/python3.7/site-packages/django/template/loader.py", line 62, in render_to_string
    return template.render(context, request)
  File "/usr/local/lib/python3.7/site-packages/django/template/backends/django.py", line 61, in render
    return self.template.render(context)
  File "/usr/local/lib/python3.7/site-packages/django/template/base.py", line 171, in render
    return self._render(context)
  File "/usr/local/lib/python3.7/site-packages/django/template/base.py", line 163, in _render
    return self.nodelist.render(context)
  File "/usr/local/lib/python3.7/site-packages/django/template/base.py", line 937, in render
    bit = node.render_annotated(context)
  File "/usr/local/lib/python3.7/site-packages/django/template/base.py", line 904, in render_annotated
    return self.render(context)
  File "/usr/local/lib/python3.7/site-packages/django/template/library.py", line 192, in render
    output = self.func(*resolved_args, **resolved_kwargs)
  File "/workspace/Main_Server_RBP/Main_Server_RBP/templatetags/my_tags.py", line 22, in get_node1
    if response.text.trim() == "착석":
AttributeError: 'str' object has no attribute 'trim'
[19/Oct/2023 13:17:05] "GET /main/ HTTP/1.1" 500 115262
/workspace/Main_Server_RBP/Main_Server_RBP/templatetags/my_tags.py changed, reloading.
Performing system checks...

System check identified no issues (0 silenced).
October 19, 2023 - 13:16:57
Django version 2.2.4, using settings 'Main_Server_RBP.settings'
Starting development server at http://0.0.0.0:8000/
Quit the server with CONTROL-C.
Watching for file changes with StatReloader
Internal Server Error: /main/
Traceback (most recent call last):
  File "/usr/local/lib/python3.7/site-packages/django/core/handlers/exception.py", line 34, in inner
    response = get_response(request)
  File "/usr/local/lib/python3.7/site-packages/django/core/handlers/base.py", line 115, in _get_response
    response = self.process_exception_by_middleware(e, request)
  File "/usr/local/lib/python3.7/site-packages/django/core/handlers/base.py", line 113, in _get_response
    response = wrapped_callback(request, *callback_args, **callback_kwargs)
  File "/workspace/Main_Server_RBP/Main_Server_RBP/views.py", line 7, in index
    return render(request, 'main/index.html')
  File "/usr/local/lib/python3.7/site-packages/django/shortcuts.py", line 36, in render
    content = loader.render_to_string(template_name, context, request, using=using)
  File "/usr/local/lib/python3.7/site-packages/django/template/loader.py", line 62, in render_to_string
    return template.render(context, request)
  File "/usr/local/lib/python3.7/site-packages/django/template/backends/django.py", line 61, in render
    return self.template.render(context)
  File "/usr/local/lib/python3.7/site-packages/django/template/base.py", line 171, in render
    return self._render(context)
  File "/usr/local/lib/python3.7/site-packages/django/template/base.py", line 163, in _render
    return self.nodelist.render(context)
  File "/usr/local/lib/python3.7/site-packages/django/template/base.py", line 937, in render
    bit = node.render_annotated(context)
  File "/usr/local/lib/python3.7/site-packages/django/template/base.py", line 904, in render_annotated
    return self.render(context)
  File "/usr/local/lib/python3.7/site-packages/django/template/library.py", line 192, in render
    output = self.func(*resolved_args, **resolved_kwargs)
  File "/workspace/Main_Server_RBP/Main_Server_RBP/templatetags/my_tags.py", line 22, in get_node1
    if response.text.strip() == "착석":
AttributeError: 'str' object has no attribute 'trim'
[19/Oct/2023 13:17:24] "GET /main/ HTTP/1.1" 500 115264
Internal Server Error: /main/
Traceback (most recent call last):
  File "/usr/local/lib/python3.7/site-packages/django/core/handlers/exception.py", line 34, in inner
    response = get_response(request)
  File "/usr/local/lib/python3.7/site-packages/django/core/handlers/base.py", line 115, in _get_response
    response = self.process_exception_by_middleware(e, request)
  File "/usr/local/lib/python3.7/site-packages/django/core/handlers/base.py", line 113, in _get_response
    response = wrapped_callback(request, *callback_args, **callback_kwargs)
  File "/workspace/Main_Server_RBP/Main_Server_RBP/views.py", line 7, in index
    return render(request, 'main/index.html')
  File "/usr/local/lib/python3.7/site-packages/django/shortcuts.py", line 36, in render
    content = loader.render_to_string(template_name, context, request, using=using)
  File "/usr/local/lib/python3.7/site-packages/django/template/loader.py", line 62, in render_to_string
    return template.render(context, request)
  File "/usr/local/lib/python3.7/site-packages/django/template/backends/django.py", line 61, in render
    return self.template.render(context)
  File "/usr/local/lib/python3.7/site-packages/django/template/base.py", line 171, in render
    return self._render(context)
  File "/usr/local/lib/python3.7/site-packages/django/template/base.py", line 163, in _render
    return self.nodelist.render(context)
  File "/usr/local/lib/python3.7/site-packages/django/template/base.py", line 937, in render
    bit = node.render_annotated(context)
  File "/usr/local/lib/python3.7/site-packages/django/template/base.py", line 904, in render_annotated
    return self.render(context)
  File "/usr/local/lib/python3.7/site-packages/django/template/library.py", line 192, in render
    output = self.func(*resolved_args, **resolved_kwargs)
  File "/workspace/Main_Server_RBP/Main_Server_RBP/templatetags/my_tags.py", line 22, in get_node1
    if response.text.strip() == "착석":
AttributeError: 'str' object has no attribute 'trim'
[19/Oct/2023 13:17:27] "GET /main/ HTTP/1.1" 500 115264
Internal Server Error: /main/
Traceback (most recent call last):
  File "/usr/local/lib/python3.7/site-packages/django/core/handlers/exception.py", line 34, in inner
    response = get_response(request)
  File "/usr/local/lib/python3.7/site-packages/django/core/handlers/base.py", line 115, in _get_response
    response = self.process_exception_by_middleware(e, request)
  File "/usr/local/lib/python3.7/site-packages/django/core/handlers/base.py", line 113, in _get_response
    response = wrapped_callback(request, *callback_args, **callback_kwargs)
  File "/workspace/Main_Server_RBP/Main_Server_RBP/views.py", line 7, in index
    return render(request, 'main/index.html')
  File "/usr/local/lib/python3.7/site-packages/django/shortcuts.py", line 36, in render
    content = loader.render_to_string(template_name, context, request, using=using)
  File "/usr/local/lib/python3.7/site-packages/django/template/loader.py", line 62, in render_to_string
    return template.render(context, request)
  File "/usr/local/lib/python3.7/site-packages/django/template/backends/django.py", line 61, in render
    return self.template.render(context)
  File "/usr/local/lib/python3.7/site-packages/django/template/base.py", line 171, in render
    return self._render(context)
  File "/usr/local/lib/python3.7/site-packages/django/template/base.py", line 163, in _render
    return self.nodelist.render(context)
  File "/usr/local/lib/python3.7/site-packages/django/template/base.py", line 937, in render
    bit = node.render_annotated(context)
  File "/usr/local/lib/python3.7/site-packages/django/template/base.py", line 904, in render_annotated
    return self.render(context)
  File "/usr/local/lib/python3.7/site-packages/django/template/library.py", line 192, in render
    output = self.func(*resolved_args, **resolved_kwargs)
  File "/workspace/Main_Server_RBP/Main_Server_RBP/templatetags/my_tags.py", line 22, in get_node1
    if response.text.strip() == "착석":
AttributeError: 'str' object has no attribute 'trim'
[19/Oct/2023 13:17:29] "GET /main/ HTTP/1.1" 500 115264
Internal Server Error: /main/
Traceback (most recent call last):
  File "/usr/local/lib/python3.7/site-packages/django/core/handlers/exception.py", line 34, in inner
    response = get_response(request)
  File "/usr/local/lib/python3.7/site-packages/django/core/handlers/base.py", line 115, in _get_response
    response = self.process_exception_by_middleware(e, request)
  File "/usr/local/lib/python3.7/site-packages/django/core/handlers/base.py", line 113, in _get_response
    response = wrapped_callback(request, *callback_args, **callback_kwargs)
  File "/workspace/Main_Server_RBP/Main_Server_RBP/views.py", line 7, in index
    return render(request, 'main/index.html')
  File "/usr/local/lib/python3.7/site-packages/django/shortcuts.py", line 36, in render
    content = loader.render_to_string(template_name, context, request, using=using)
  File "/usr/local/lib/python3.7/site-packages/django/template/loader.py", line 62, in render_to_string
    return template.render(context, request)
  File "/usr/local/lib/python3.7/site-packages/django/template/backends/django.py", line 61, in render
    return self.template.render(context)
  File "/usr/local/lib/python3.7/site-packages/django/template/base.py", line 171, in render
    return self._render(context)
  File "/usr/local/lib/python3.7/site-packages/django/template/base.py", line 163, in _render
    return self.nodelist.render(context)
  File "/usr/local/lib/python3.7/site-packages/django/template/base.py", line 937, in render
    bit = node.render_annotated(context)
  File "/usr/local/lib/python3.7/site-packages/django/template/base.py", line 904, in render_annotated
    return self.render(context)
  File "/usr/local/lib/python3.7/site-packages/django/template/library.py", line 192, in render
    output = self.func(*resolved_args, **resolved_kwargs)
  File "/workspace/Main_Server_RBP/Main_Server_RBP/templatetags/my_tags.py", line 22, in get_node1
    if response.text.strip() == "착석":
AttributeError: 'str' object has no attribute 'trim'
[19/Oct/2023 13:17:34] "GET /main/ HTTP/1.1" 500 115264
/workspace/Main_Server_RBP/Main_Server_RBP/templatetags/my_tags.py changed, reloading.
Performing system checks...

System check identified no issues (0 silenced).
October 19, 2023 - 13:17:22
Django version 2.2.4, using settings 'Main_Server_RBP.settings'
Starting development server at http://0.0.0.0:8000/
Quit the server with CONTROL-C.
Watching for file changes with StatReloader
[19/Oct/2023 13:17:49] "GET /main/ HTTP/1.1" 200 5971
[19/Oct/2023 13:18:07] "GET /main/ HTTP/1.1" 200 5977
[19/Oct/2023 13:18:14] "GET /main/ HTTP/1.1" 200 5979
[19/Oct/2023 13:18:17] "GET /main/ HTTP/1.1" 200 5973
[19/Oct/2023 13:18:52] "GET /main/ HTTP/1.1" 200 5979
[19/Oct/2023 13:18:52] "GET /static/css/navbar.css HTTP/1.1" 304 0
[19/Oct/2023 13:20:31] "GET /main/ HTTP/1.1" 200 5979
[19/Oct/2023 13:20:34] "GET /main/ HTTP/1.1" 200 5979
[19/Oct/2023 13:22:30] "GET /main/ HTTP/1.1" 200 5979
[19/Oct/2023 13:22:32] "GET /main/ HTTP/1.1" 200 5979
[19/Oct/2023 13:22:32] "GET /static/css/navbar.css HTTP/1.1" 200 1751
[19/Oct/2023 13:22:32] "GET /static/css/index.css HTTP/1.1" 200 951
[19/Oct/2023 13:22:32] "GET /static/css/common.css HTTP/1.1" 200 487
[19/Oct/2023 13:22:32] "GET /static/images/skku_logo.png HTTP/1.1" 200 49994
[19/Oct/2023 13:22:33] "GET /static/images/skku_logo.png HTTP/1.1" 200 49994
[19/Oct/2023 13:22:45] "GET /main/ HTTP/1.1" 200 5979
[19/Oct/2023 13:22:45] "GET /static/css/common.css HTTP/1.1" 200 487
[19/Oct/2023 13:22:45] "GET /static/css/navbar.css HTTP/1.1" 200 1751
[19/Oct/2023 13:22:45] "GET /static/images/skku_logo.png HTTP/1.1" 200 49994
[19/Oct/2023 13:22:45] "GET /static/css/index.css HTTP/1.1" 200 951
[19/Oct/2023 13:22:46] "GET /static/images/skku_logo.png HTTP/1.1" 200 49994
[19/Oct/2023 13:22:47] "GET /main/ HTTP/1.1" 200 5979
[19/Oct/2023 13:22:47] "GET /static/css/common.css HTTP/1.1" 200 487
[19/Oct/2023 13:22:47] "GET /static/css/navbar.css HTTP/1.1" 200 1751
[19/Oct/2023 13:22:47] "GET /static/images/skku_logo.png HTTP/1.1" 200 49994
[19/Oct/2023 13:22:47] "GET /static/css/index.css HTTP/1.1" 200 951
[19/Oct/2023 13:22:47] "GET /static/images/skku_logo.png HTTP/1.1" 200 49994
[19/Oct/2023 13:23:27] "GET /main/ HTTP/1.1" 200 5979
[19/Oct/2023 13:23:27] "GET /static/css/navbar.css HTTP/1.1" 200 1751
[19/Oct/2023 13:23:27] "GET /static/css/common.css HTTP/1.1" 200 487
[19/Oct/2023 13:23:27] "GET /static/images/skku_logo.png HTTP/1.1" 200 49994
[19/Oct/2023 13:23:27] "GET /static/css/index.css HTTP/1.1" 200 951
[19/Oct/2023 13:23:27] "GET /static/images/skku_logo.png HTTP/1.1" 200 49994
[19/Oct/2023 13:23:33] "GET /main/ HTTP/1.1" 200 5979
[19/Oct/2023 13:23:33] "GET /static/css/navbar.css HTTP/1.1" 200 1751
[19/Oct/2023 13:23:33] "GET /static/images/skku_logo.png HTTP/1.1" 200 49994
[19/Oct/2023 13:23:33] "GET /static/css/common.css HTTP/1.1" 200 487
[19/Oct/2023 13:23:33] "GET /static/css/index.css HTTP/1.1" 200 951
[19/Oct/2023 13:23:33] "GET /static/images/skku_logo.png HTTP/1.1" 200 49994
[19/Oct/2023 13:23:34] "GET /main/ HTTP/1.1" 200 5979
[19/Oct/2023 13:23:34] "GET /static/images/skku_logo.png HTTP/1.1" 200 49994
[19/Oct/2023 13:23:34] "GET /static/css/navbar.css HTTP/1.1" 200 1751
[19/Oct/2023 13:23:34] "GET /static/css/index.css HTTP/1.1" 200 951
[19/Oct/2023 13:23:34] "GET /static/css/common.css HTTP/1.1" 200 487
[19/Oct/2023 13:23:35] "GET /static/images/skku_logo.png HTTP/1.1" 200 49994
[19/Oct/2023 13:23:36] "GET /main/ HTTP/1.1" 200 5979
[19/Oct/2023 13:23:36] "GET /static/css/index.css HTTP/1.1" 200 951
[19/Oct/2023 13:23:36] "GET /static/css/navbar.css HTTP/1.1" 200 1751
[19/Oct/2023 13:23:36] "GET /static/css/common.css HTTP/1.1" 200 487
[19/Oct/2023 13:23:36] "GET /static/images/skku_logo.png HTTP/1.1" 200 49994
[19/Oct/2023 13:23:36] "GET /static/images/skku_logo.png HTTP/1.1" 200 49994
[19/Oct/2023 13:23:51] "GET /main/ HTTP/1.1" 200 5979
[19/Oct/2023 13:23:52] "GET /static/css/navbar.css HTTP/1.1" 200 1751
[19/Oct/2023 13:23:54] "GET /main/ HTTP/1.1" 200 5979
[19/Oct/2023 13:23:54] "GET /static/css/common.css HTTP/1.1" 200 487
[19/Oct/2023 13:23:54] "GET /static/css/navbar.css HTTP/1.1" 200 1751
[19/Oct/2023 13:23:54] "GET /static/images/skku_logo.png HTTP/1.1" 200 49994
[19/Oct/2023 13:23:54] "GET /static/css/index.css HTTP/1.1" 200 951
[19/Oct/2023 13:23:54] "GET /static/images/skku_logo.png HTTP/1.1" 200 49994
[19/Oct/2023 13:24:24] "GET /main/ HTTP/1.1" 200 5979
[19/Oct/2023 13:24:24] "GET /static/css/index.css HTTP/1.1" 200 951
[19/Oct/2023 13:24:24] "GET /static/images/skku_logo.png HTTP/1.1" 200 49994
[19/Oct/2023 13:24:24] "GET /static/css/navbar.css HTTP/1.1" 200 1784
[19/Oct/2023 13:24:24] "GET /static/css/common.css HTTP/1.1" 200 487
[19/Oct/2023 13:24:24] "GET /static/images/skku_logo.png HTTP/1.1" 200 49994
[19/Oct/2023 13:25:30] "GET /main/ HTTP/1.1" 200 6014
[19/Oct/2023 13:25:30] "GET /static/css/navbar.css HTTP/1.1" 304 0
[19/Oct/2023 13:25:33] "GET /main/ HTTP/1.1" 200 6014
[19/Oct/2023 13:25:52] "GET /main/ HTTP/1.1" 200 6014
[19/Oct/2023 13:25:52] "GET /static/css/navbar.css HTTP/1.1" 200 1784
[19/Oct/2023 13:25:52] "GET /static/images/skku_logo.png HTTP/1.1" 200 49994
[19/Oct/2023 13:25:52] "GET /static/css/index.css HTTP/1.1" 200 951
[19/Oct/2023 13:25:52] "GET /static/css/common.css HTTP/1.1" 200 487
[19/Oct/2023 13:25:52] "GET /static/images/skku_logo.png HTTP/1.1" 200 49994
[19/Oct/2023 13:25:53] "GET /main/ HTTP/1.1" 200 6014
[19/Oct/2023 13:25:53] "GET /static/css/common.css HTTP/1.1" 200 487
[19/Oct/2023 13:25:53] "GET /static/css/index.css HTTP/1.1" 200 951
[19/Oct/2023 13:25:53] "GET /static/css/navbar.css HTTP/1.1" 200 1784
[19/Oct/2023 13:25:53] "GET /static/images/skku_logo.png HTTP/1.1" 200 49994
[19/Oct/2023 13:25:54] "GET /static/images/skku_logo.png HTTP/1.1" 200 49994
[19/Oct/2023 13:26:09] "GET /main/ HTTP/1.1" 200 6014
[19/Oct/2023 13:26:09] "GET /static/css/navbar.css HTTP/1.1" 200 1784
[19/Oct/2023 13:26:09] "GET /static/css/index.css HTTP/1.1" 200 951
[19/Oct/2023 13:26:09] "GET /static/images/skku_logo.png HTTP/1.1" 200 49994
[19/Oct/2023 13:26:09] "GET /static/css/common.css HTTP/1.1" 200 487
[19/Oct/2023 13:26:09] "GET /static/images/skku_logo.png HTTP/1.1" 200 49994
[19/Oct/2023 13:26:10] "GET /main/ HTTP/1.1" 200 6014
[19/Oct/2023 13:26:10] "GET /static/css/navbar.css HTTP/1.1" 200 1784
[19/Oct/2023 13:26:10] "GET /static/images/skku_logo.png HTTP/1.1" 200 49994
[19/Oct/2023 13:26:10] "GET /static/css/index.css HTTP/1.1" 200 951
[19/Oct/2023 13:26:10] "GET /static/css/common.css HTTP/1.1" 200 487
[19/Oct/2023 13:26:11] "GET /static/images/skku_logo.png HTTP/1.1" 200 49994
[19/Oct/2023 13:26:11] "GET /main/ HTTP/1.1" 200 6014
[19/Oct/2023 13:26:11] "GET /static/css/common.css HTTP/1.1" 200 487
[19/Oct/2023 13:26:11] "GET /static/css/navbar.css HTTP/1.1" 200 1784
[19/Oct/2023 13:26:11] "GET /static/images/skku_logo.png HTTP/1.1" 200 49994
[19/Oct/2023 13:26:11] "GET /static/css/index.css HTTP/1.1" 200 951
[19/Oct/2023 13:26:12] "GET /static/images/skku_logo.png HTTP/1.1" 200 49994
[19/Oct/2023 13:26:35] "GET /main/ HTTP/1.1" 200 6049
[19/Oct/2023 13:26:35] "GET /static/css/navbar.css HTTP/1.1" 304 0
[19/Oct/2023 13:27:08] "GET /main/ HTTP/1.1" 200 6049
[19/Oct/2023 13:27:08] "GET /static/css/navbar.css HTTP/1.1" 304 0
[19/Oct/2023 13:27:23] "GET /main/ HTTP/1.1" 200 6049
[19/Oct/2023 13:27:43] "GET /main/ HTTP/1.1" 200 6046
[19/Oct/2023 13:27:43] "GET /static/css/navbar.css HTTP/1.1" 304 0
[19/Oct/2023 13:27:45] "GET /main/ HTTP/1.1" 200 6043
[19/Oct/2023 13:28:42] "GET /main/ HTTP/1.1" 200 6049
[19/Oct/2023 13:28:42] "GET /static/css/navbar.css HTTP/1.1" 304 0
[19/Oct/2023 13:28:50] "GET /main/ HTTP/1.1" 200 6046
[19/Oct/2023 13:28:52] "GET /main/ HTTP/1.1" 200 6043
[19/Oct/2023 13:30:03] "GET /main/ HTTP/1.1" 200 6049
[19/Oct/2023 13:30:06] "GET /main/ HTTP/1.1" 200 6049
[19/Oct/2023 13:30:07] "GET /static/css/index.css HTTP/1.1" 200 951
[19/Oct/2023 13:30:07] "GET /static/images/skku_logo.png HTTP/1.1" 200 49994
[19/Oct/2023 13:30:07] "GET /static/css/navbar.css HTTP/1.1" 200 1784
[19/Oct/2023 13:30:07] "GET /static/css/common.css HTTP/1.1" 200 487
[19/Oct/2023 13:30:12] "GET /main/ HTTP/1.1" 200 6049
[19/Oct/2023 13:30:12] "GET /static/css/navbar.css HTTP/1.1" 200 1784
[19/Oct/2023 13:30:32] "GET /main/ HTTP/1.1" 200 6049
[19/Oct/2023 13:31:00] "GET /main/ HTTP/1.1" 200 6049
[19/Oct/2023 13:31:00] "GET /static/css/navbar.css HTTP/1.1" 304 0
[19/Oct/2023 13:31:04] "GET /main/ HTTP/1.1" 200 6049
[19/Oct/2023 13:31:04] "GET /static/css/navbar.css HTTP/1.1" 304 0
[19/Oct/2023 15:06:26] "GET /main/ HTTP/1.1" 200 6049
[19/Oct/2023 17:20:28] "GET /main/ HTTP/1.1" 200 6049
[19/Oct/2023 17:20:28] "GET /static/css/index.css HTTP/1.1" 304 0
[19/Oct/2023 17:20:28] "GET /static/css/common.css HTTP/1.1" 304 0
[19/Oct/2023 17:20:28] "GET /static/css/navbar.css HTTP/1.1" 304 0
[19/Oct/2023 17:20:28] "GET /static/images/skku_logo.png HTTP/1.1" 304 0
[19/Oct/2023 21:34:58] "GET /main/ HTTP/1.1" 200 6049
[19/Oct/2023 21:34:58] "GET /static/css/index.css HTTP/1.1" 304 0
[19/Oct/2023 21:34:58] "GET /static/images/skku_logo.png HTTP/1.1" 304 0
[19/Oct/2023 21:34:58] "GET /static/css/common.css HTTP/1.1" 304 0
[19/Oct/2023 21:34:58] "GET /static/css/navbar.css HTTP/1.1" 304 0
[19/Oct/2023 22:55:15] "GET /main/ HTTP/1.1" 200 6049
[19/Oct/2023 22:55:15] "GET /static/css/index.css HTTP/1.1" 200 951
[19/Oct/2023 22:55:15] "GET /static/css/navbar.css HTTP/1.1" 200 1784
[19/Oct/2023 22:55:15] "GET /static/css/common.css HTTP/1.1" 200 487
[19/Oct/2023 22:55:15] "GET /static/images/skku_logo.png HTTP/1.1" 304 0
[20/Oct/2023 03:37:37] "GET /main/ HTTP/1.1" 200 6049
[20/Oct/2023 03:37:37] "GET /static/css/index.css HTTP/1.1" 304 0
[20/Oct/2023 03:37:37] "GET /static/css/common.css HTTP/1.1" 304 0
[20/Oct/2023 03:37:37] "GET /static/images/skku_logo.png HTTP/1.1" 304 0
[20/Oct/2023 03:37:37] "GET /static/css/navbar.css HTTP/1.1" 304 0
[20/Oct/2023 03:37:50] "GET /main/ HTTP/1.1" 200 6049
Not Found: /
[20/Oct/2023 03:38:24] "GET / HTTP/1.1" 404 2058
Not Found: /favicon.ico
[20/Oct/2023 03:38:24] "GET /favicon.ico HTTP/1.1" 404 2109
/workspace/Main_Server_RBP/Main_Server_RBP/templatetags/my_tags.py changed, reloading.
Performing system checks...

System check identified no issues (0 silenced).
October 19, 2023 - 13:17:43
Django version 2.2.4, using settings 'Main_Server_RBP.settings'
Starting development server at http://0.0.0.0:8000/
Quit the server with CONTROL-C.
Watching for file changes with StatReloader
/workspace/Main_Server_RBP/Main_Server_RBP/templatetags/my_tags.py changed, reloading.
Performing system checks...

System check identified no issues (0 silenced).
October 20, 2023 - 08:14:31
Django version 2.2.4, using settings 'Main_Server_RBP.settings'
Starting development server at http://0.0.0.0:8000/
Quit the server with CONTROL-C.
Watching for file changes with StatReloader
[20/Oct/2023 08:14:47] "GET /main/ HTTP/1.1" 200 6035
[20/Oct/2023 08:14:47] "GET /static/css/index.css HTTP/1.1" 304 0
[20/Oct/2023 08:14:47] "GET /static/css/navbar.css HTTP/1.1" 304 0
[20/Oct/2023 08:14:47] "GET /static/css/common.css HTTP/1.1" 304 0
[20/Oct/2023 08:14:47] "GET /static/images/skku_logo.png HTTP/1.1" 304 0
/workspace/Main_Server_RBP/Main_Server_RBP/templatetags/my_tags.py changed, reloading.
Performing system checks...

System check identified no issues (0 silenced).
October 20, 2023 - 08:14:42
Django version 2.2.4, using settings 'Main_Server_RBP.settings'
Starting development server at http://0.0.0.0:8000/
Quit the server with CONTROL-C.
Watching for file changes with StatReloader
/workspace/Main_Server_RBP/Main_Server_RBP/templatetags/my_tags.py changed, reloading.
Performing system checks...

System check identified no issues (0 silenced).
October 20, 2023 - 08:14:58
Django version 2.2.4, using settings 'Main_Server_RBP.settings'
Starting development server at http://0.0.0.0:8000/
Quit the server with CONTROL-C.
Watching for file changes with StatReloader
[20/Oct/2023 08:15:44] "GET /main/ HTTP/1.1" 200 6035
[20/Oct/2023 08:15:44] "GET /main/ HTTP/1.1" 200 6035
[20/Oct/2023 08:15:49] "GET /main/ HTTP/1.1" 200 6035
[20/Oct/2023 08:15:55] "GET /main/ HTTP/1.1" 200 6035
[20/Oct/2023 08:16:11] "GET /main/ HTTP/1.1" 200 6035
[20/Oct/2023 08:16:25] "GET /main/ HTTP/1.1" 200 6035
[20/Oct/2023 08:16:41] "GET /main/ HTTP/1.1" 200 6035
[20/Oct/2023 08:17:33] "GET /main/ HTTP/1.1" 200 6536
[20/Oct/2023 08:17:34] "GET /main/ HTTP/1.1" 200 6536
[20/Oct/2023 08:17:55] "GET /main/ HTTP/1.1" 200 6536
[20/Oct/2023 08:18:11] "GET /main/ HTTP/1.1" 200 6536
[21/Oct/2023 09:22:22] "GET /main/ HTTP/1.1" 200 6536
[21/Oct/2023 09:22:22] "GET /static/css/index.css HTTP/1.1" 200 951
[21/Oct/2023 09:22:22] "GET /static/css/navbar.css HTTP/1.1" 200 1784
[21/Oct/2023 09:22:22] "GET /static/css/common.css HTTP/1.1" 304 0
/workspace/Main_Server_RBP/Main_Server_RBP/templatetags/my_tags.py changed, reloading.
Performing system checks...

System check identified no issues (0 silenced).
October 20, 2023 - 08:15:16
Django version 2.2.4, using settings 'Main_Server_RBP.settings'
Starting development server at http://0.0.0.0:8000/
Quit the server with CONTROL-C.
Watching for file changes with StatReloader
/workspace/Main_Server_RBP/Main_Server_RBP/templatetags/my_tags.py changed, reloading.
Performing system checks...

System check identified no issues (0 silenced).
October 21, 2023 - 09:39:47
Django version 2.2.4, using settings 'Main_Server_RBP.settings'
Starting development server at http://0.0.0.0:8000/
Quit the server with CONTROL-C.
Watching for file changes with StatReloader
Exception in thread django-main-thread:
Traceback (most recent call last):
  File "/usr/local/lib/python3.7/site-packages/django/template/utils.py", line 66, in __getitem__
    return self._engines[alias]
KeyError: 'django'

During handling of the above exception, another exception occurred:

Traceback (most recent call last):
  File "/usr/local/lib/python3.7/threading.py", line 926, in _bootstrap_inner
    self.run()
  File "/usr/local/lib/python3.7/threading.py", line 870, in run
    self._target(*self._args, **self._kwargs)
  File "/usr/local/lib/python3.7/site-packages/django/utils/autoreload.py", line 54, in wrapper
    fn(*args, **kwargs)
  File "/usr/local/lib/python3.7/site-packages/django/core/management/commands/runserver.py", line 117, in inner_run
    self.check(display_num_errors=True)
  File "/usr/local/lib/python3.7/site-packages/django/core/management/base.py", line 390, in check
    include_deployment_checks=include_deployment_checks,
  File "/usr/local/lib/python3.7/site-packages/django/core/management/base.py", line 377, in _run_checks
    return checks.run_checks(**kwargs)
  File "/usr/local/lib/python3.7/site-packages/django/core/checks/registry.py", line 72, in run_checks
    new_errors = check(app_configs=app_configs)
  File "/usr/local/lib/python3.7/site-packages/django/contrib/admin/checks.py", line 79, in check_dependencies
    for engine in engines.all():
  File "/usr/local/lib/python3.7/site-packages/django/template/utils.py", line 90, in all
    return [self[alias] for alias in self]
  File "/usr/local/lib/python3.7/site-packages/django/template/utils.py", line 90, in <listcomp>
    return [self[alias] for alias in self]
  File "/usr/local/lib/python3.7/site-packages/django/template/utils.py", line 81, in __getitem__
    engine = engine_cls(params)
  File "/usr/local/lib/python3.7/site-packages/django/template/backends/django.py", line 25, in __init__
    options['libraries'] = self.get_templatetag_libraries(libraries)
  File "/usr/local/lib/python3.7/site-packages/django/template/backends/django.py", line 43, in get_templatetag_libraries
    libraries = get_installed_libraries()
  File "/usr/local/lib/python3.7/site-packages/django/template/backends/django.py", line 108, in get_installed_libraries
    for name in get_package_libraries(pkg):
  File "/usr/local/lib/python3.7/site-packages/django/template/backends/django.py", line 121, in get_package_libraries
    module = import_module(entry[1])
  File "/usr/local/lib/python3.7/importlib/__init__.py", line 127, in import_module
    return _bootstrap._gcd_import(name[level:], package, level)
  File "<frozen importlib._bootstrap>", line 1006, in _gcd_import
  File "<frozen importlib._bootstrap>", line 983, in _find_and_load
  File "<frozen importlib._bootstrap>", line 967, in _find_and_load_unlocked
  File "<frozen importlib._bootstrap>", line 677, in _load_unlocked
  File "<frozen importlib._bootstrap_external>", line 724, in exec_module
  File "<frozen importlib._bootstrap_external>", line 860, in get_code
  File "<frozen importlib._bootstrap_external>", line 791, in source_to_code
  File "<frozen importlib._bootstrap>", line 219, in _call_with_frames_removed
  File "/workspace/Main_Server_RBP/Main_Server_RBP/templatetags/my_tags.py", line 38
    '''return "Unable"

@register.simple_tag
def get_node2():
    URL = 'http://node.bluefactor97.shop:8000/isnull/'
    response = requests.get(URL)
    if response.text.strip() == "착석":
        return "사용 중"
    else:
        return "사용 가능"
    #return "Unable"
                      

                    
                
                                                      
                                
                                     
                     
         
                      
                   ^
SyntaxError: EOF while scanning triple-quoted string literal

/workspace/Main_Server_RBP/Main_Server_RBP/templatetags/my_tags.py changed, reloading.
Performing system checks...

Watching for file changes with StatReloader
[21/Oct/2023 09:49:29] "GET /main/ HTTP/1.1" 200 6540
[21/Oct/2023 09:49:29] "GET /static/images/skku_logo.png HTTP/1.1" 304 0
[21/Oct/2023 09:49:53] "GET /main/ HTTP/1.1" 200 6543
/workspace/Main_Server_RBP/Main_Server_RBP/templatetags/my_tags.py changed, reloading.
Performing system checks...

System check identified no issues (0 silenced).
October 21, 2023 - 09:48:54
Django version 2.2.4, using settings 'Main_Server_RBP.settings'
Starting development server at http://0.0.0.0:8000/
Quit the server with CONTROL-C.
Watching for file changes with StatReloader
[21/Oct/2023 10:16:44] "GET /main/ HTTP/1.1" 200 6550
[21/Oct/2023 10:20:30] "GET /main/ HTTP/1.1" 200 6550
[21/Oct/2023 10:21:31] "GET /main/ HTTP/1.1" 200 8136
[21/Oct/2023 10:21:37] "GET /main/ HTTP/1.1" 200 8133
[21/Oct/2023 10:21:39] "GET /main/ HTTP/1.1" 200 8133
[21/Oct/2023 10:21:45] "GET /main/ HTTP/1.1" 200 8136
[21/Oct/2023 10:21:48] "GET /main/ HTTP/1.1" 200 8133
[21/Oct/2023 10:22:04] "GET /main/ HTTP/1.1" 200 8133
[21/Oct/2023 10:23:54] "GET /main/ HTTP/1.1" 200 7890
[21/Oct/2023 10:24:37] "GET /main/ HTTP/1.1" 200 7854
[21/Oct/2023 10:26:09] "GET /main/ HTTP/1.1" 200 8333
[21/Oct/2023 10:26:23] "GET /main/ HTTP/1.1" 200 8336
